[cell2location environment check]

Python: /sfs/home/hujing/miniconda3/envs/cell2loc_env/bin/python
Python version: 3.10.20
pip: /sfs/home/hujing/miniconda3/envs/cell2loc_env/bin/pip

Installed packages:
anndata: 0.11.4
cell2location: 0.1.5
jax: 0.6.2
jaxlib: 0.6.2
numpy: 2.2.6
numpyro: 0.19.0
pandas: 2.3.3
pytorch-lightning: 2.6.5
scanpy: 1.11.5
scvi-tools: 1.3.3
torch: 2.5.1+cu121
torchmetrics: 1.9.0

Import test:
numpy OK
pandas OK
scanpy OK
anndata OK
torch OK
scvi-tools OK
cell2location OK
RegressionModel OK
Cell2location OK

CUDA available: True

Conclusion:
cell2loc_env was activated correctly.
cell2location, scvi-tools, scanpy, anndata, torch were successfully imported.
GPU support is available.
