[Spatial RNA check]

Input file:
input/GSM6578065_humanskin_RNA.tsv

First rows showed:
X      MIR1302.11  RP11.34P13.7  AL627309.1 ...
15x34  1           0             0
34x34  0           1             0
19x30  0           0             0

Conclusion:
The spatial RNA matrix is spot × gene.
No transposition is needed.

Original spatial RNA shape:
(1691, 15486)

After removing ERCC genes:
(1691, 15471)

Meaning:
1691 spatial spots × 15471 genes

Example spot IDs:
15x34
34x34
19x30
31x35
6x22

Example genes:
MIR1302.11
RP11.34P13.7
AL627309.1
AP006222.2
RP4.669L17.10
RP11.206L10.9
LINC00115
RP11.206L10.11
RP11.54O7.3
SAMD11

Output file:
cell2location_run/processed/spatial_rna.h5ad

Conclusion:
Spatial RNA AnnData was successfully generated.
